5:43:45 PM ---------- Tracer start 12/1/2012 5:43:45 PM ----------

5:43:45 PM RefactoringModule.Startup
5:43:45 PM   initializing logger...
5:43:45 PM   initializing diagnostic...
5:43:45 PM   initializing i18n...
5:43:45 PM   initializing sci gate...
5:43:45 PM   initializing dialog factory...
5:43:45 PM   initializing ui factory...
5:43:45 PM   initializing platform gate...
5:43:45 PM   registering extension provider...
5:43:45 PM   module initialization done.
5:51:44 PM ---------- Tracer start 12/1/2012 5:51:44 PM ----------

5:51:44 PM RefactoringModule.Startup
5:51:44 PM   initializing logger...
5:51:44 PM   initializing diagnostic...
5:51:44 PM   initializing i18n...
5:51:44 PM   initializing sci gate...
5:51:44 PM   initializing dialog factory...
5:51:44 PM   initializing ui factory...
5:51:44 PM   initializing platform gate...
5:51:44 PM   registering extension provider...
5:51:44 PM   module initialization done.
5:53:54 PM ---------- Tracer start 12/1/2012 5:53:54 PM ----------

5:53:54 PM RefactoringModule.Startup
5:53:54 PM   initializing logger...
5:53:54 PM   initializing diagnostic...
5:53:54 PM   initializing i18n...
5:53:54 PM   initializing sci gate...
5:53:54 PM   initializing dialog factory...
5:53:54 PM   initializing ui factory...
5:53:54 PM   initializing platform gate...
5:53:54 PM   registering extension provider...
5:53:55 PM   module initialization done.
6:39:35 PM ---------- Tracer start 12/1/2012 6:39:35 PM ----------

6:39:35 PM RefactoringModule.Startup
6:39:35 PM   initializing logger...
6:39:35 PM   initializing diagnostic...
6:39:35 PM   initializing i18n...
6:39:35 PM   initializing sci gate...
6:39:35 PM   initializing dialog factory...
6:39:35 PM   initializing ui factory...
6:39:35 PM   initializing platform gate...
6:39:35 PM   registering extension provider...
6:39:35 PM   module initialization done.
6:50:02 PM ---------- Tracer start 12/1/2012 6:50:02 PM ----------

6:50:02 PM RefactoringModule.Startup
6:50:02 PM   initializing logger...
6:50:02 PM   initializing diagnostic...
6:50:02 PM   initializing i18n...
6:50:02 PM   initializing sci gate...
6:50:02 PM   initializing dialog factory...
6:50:02 PM   initializing ui factory...
6:50:02 PM   initializing platform gate...
6:50:02 PM   registering extension provider...
6:50:03 PM   module initialization done.
